#-----------------------------------------------------------
# Vivado v2018.1 (64-bit)
# SW Build 2188600 on Wed Apr  4 18:40:38 MDT 2018
# IP Build 2185939 on Wed Apr  4 20:55:05 MDT 2018
# Start of session at: Tue Jun 19 22:23:59 2018
# Process ID: 9896
# Current directory: F:/Documents/Countermeasures/CR/fpga/vivado_examples/aes128_verilog
# Command line: vivado.exe -gui_launcher_event rodinguilauncherevent8528 F:\Documents\Countermeasures\CR\fpga\vivado_examples\aes128_verilog\aes128_verilog.xpr
# Log file: F:/Documents/Countermeasures/CR/fpga/vivado_examples/aes128_verilog/vivado.log
# Journal file: F:/Documents/Countermeasures/CR/fpga/vivado_examples/aes128_verilog\vivado.jou
#-----------------------------------------------------------
start_gui
open_project F:/Documents/Countermeasures/CR/fpga/vivado_examples/aes128_verilog/aes128_verilog.xpr
Scanning sources...
Finished scanning sources
INFO: [IP_Flow 19-234] Refreshing IP repositories
INFO: [IP_Flow 19-1704] No user IP repositories specified
INFO: [IP_Flow 19-2313] Loaded Vivado IP repository 'F:/Xilinx/Vivado/2018.1/data/ip'.
open_project: Time (s): cpu = 00:00:14 ; elapsed = 00:00:08 . Memory (MB): peak = 824.707 ; gain = 119.570
update_compile_order -fileset sources_1
update_compile_order -fileset sources_1
add_files {F:/Documents/Countermeasures/CR/fpga/vivado_examples/aes128_verilog/aes128_verilog.srcs/sources_1/new/board.v F:/Documents/Countermeasures/CR/fpga/vivado_examples/aes128_verilog/aes128_verilog.srcs/sources_1/ip/clk_wiz_0/clk_wiz_0.xci F:/Documents/Countermeasures/CR/fpga/vivado_examples/aes128_verilog/aes128_verilog.srcs/sources_1/new/clk_randomizer.v}
CRITICAL WARNING: [IP_Flow 19-3389] Failed to import IP file 'F:/Documents/Countermeasures/CR/fpga/vivado_examples/aes128_verilog/aes128_verilog.srcs/sources_1/ip/clk_wiz_0/clk_wiz_0.xci': IP name 'clk_wiz_0' is already in use in this project.  Please choose a different name.

CRITICAL WARNING: [Vivado 12-1464] The source file 'F:/Documents/Countermeasures/CR/fpga/vivado_examples/aes128_verilog/aes128_verilog.srcs/sources_1/ip/clk_wiz_0/clk_wiz_0.xci' cannot be added to the fileset 'sources_1'.
WARNING: [filemgmt 56-12] File 'F:/Documents/Countermeasures/CR/fpga/vivado_examples/aes128_verilog/aes128_verilog.srcs/sources_1/new/board.v' cannot be added to the project because it already exists in the project, skipping this file
update_compile_order -fileset sources_1
add_files F:/Documents/Countermeasures/CR/fpga/vivado_examples/aes128_verilog/aes128_verilog.srcs/sources_1/ip/clk_wiz_0/clk_wiz_0.xci
CRITICAL WARNING: [IP_Flow 19-3389] Failed to import IP file 'F:/Documents/Countermeasures/CR/fpga/vivado_examples/aes128_verilog/aes128_verilog.srcs/sources_1/ip/clk_wiz_0/clk_wiz_0.xci': IP name 'clk_wiz_0' is already in use in this project.  Please choose a different name.

CRITICAL WARNING: [Vivado 12-1464] The source file 'F:/Documents/Countermeasures/CR/fpga/vivado_examples/aes128_verilog/aes128_verilog.srcs/sources_1/ip/clk_wiz_0/clk_wiz_0.xci' cannot be added to the fileset 'sources_1'.
add_files -norecurse F:/Documents/Countermeasures/CR/fpga/vivado_examples/aes128_verilog/aes128_verilog.srcs/sources_1/ip/clk_wiz_0/clk_wiz_0.xci
CRITICAL WARNING: [IP_Flow 19-3389] Failed to import IP file 'F:/Documents/Countermeasures/CR/fpga/vivado_examples/aes128_verilog/aes128_verilog.srcs/sources_1/ip/clk_wiz_0/clk_wiz_0.xci': IP name 'clk_wiz_0' is already in use in this project.  Please choose a different name.

CRITICAL WARNING: [Vivado 12-1464] The source file 'F:/Documents/Countermeasures/CR/fpga/vivado_examples/aes128_verilog/aes128_verilog.srcs/sources_1/ip/clk_wiz_0/clk_wiz_0.xci' cannot be added to the fileset 'sources_1'.
INFO: [Vivado 12-5777] IP Instance 'clk_wiz_0' cannot be used in a module reference: The 'xilinx.com:ip:clk_wiz:6.0' core does not support module reference.
INFO: [Vivado 12-5777] IP Instance 'clk_wiz_0' cannot be used in a module reference: The 'xilinx.com:ip:clk_wiz:6.0' core does not support module reference.
INFO: [Vivado 12-5777] IP Instance 'clk_wiz_0' cannot be used in a module reference: The 'xilinx.com:ip:clk_wiz:6.0' core does not support module reference.
INFO: [Vivado 12-5777] IP Instance 'clk_wiz_0' cannot be used in a module reference: The 'xilinx.com:ip:clk_wiz:6.0' core does not support module reference.
INFO: [Vivado 12-5777] IP Instance 'clk_wiz_0' cannot be used in a module reference: The 'xilinx.com:ip:clk_wiz:6.0' core does not support module reference.
INFO: [Vivado 12-5777] IP Instance 'clk_wiz_0' cannot be used in a module reference: The 'xilinx.com:ip:clk_wiz:6.0' core does not support module reference.
INFO: [Vivado 12-5777] IP Instance 'clk_wiz_0' cannot be used in a module reference: The 'xilinx.com:ip:clk_wiz:6.0' core does not support module reference.
INFO: [Vivado 12-5777] IP Instance 'clk_wiz_0' cannot be used in a module reference: The 'xilinx.com:ip:clk_wiz:6.0' core does not support module reference.
INFO: [Vivado 12-5777] IP Instance 'clk_wiz_0' cannot be used in a module reference: The 'xilinx.com:ip:clk_wiz:6.0' core does not support module reference.
INFO: [Vivado 12-5777] IP Instance 'clk_wiz_0' cannot be used in a module reference: The 'xilinx.com:ip:clk_wiz:6.0' core does not support module reference.
INFO: [Vivado 12-5777] IP Instance 'clk_wiz_0' cannot be used in a module reference: The 'xilinx.com:ip:clk_wiz:6.0' core does not support module reference.
INFO: [Vivado 12-5777] IP Instance 'clk_wiz_0' cannot be used in a module reference: The 'xilinx.com:ip:clk_wiz:6.0' core does not support module reference.
INFO: [Vivado 12-5777] IP Instance 'clk_wiz_0' cannot be used in a module reference: The 'xilinx.com:ip:clk_wiz:6.0' core does not support module reference.
INFO: [Vivado 12-5777] IP Instance 'clk_wiz_0' cannot be used in a module reference: The 'xilinx.com:ip:clk_wiz:6.0' core does not support module reference.
INFO: [Vivado 12-5777] IP Instance 'clk_wiz_0' cannot be used in a module reference: The 'xilinx.com:ip:clk_wiz:6.0' core does not support module reference.
INFO: [Vivado 12-5777] IP Instance 'clk_wiz_0' cannot be used in a module reference: The 'xilinx.com:ip:clk_wiz:6.0' core does not support module reference.
INFO: [Vivado 12-5777] IP Instance 'clk_wiz_0' cannot be used in a module reference: The 'xilinx.com:ip:clk_wiz:6.0' core does not support module reference.
INFO: [Vivado 12-5777] IP Instance 'clk_wiz_0' cannot be used in a module reference: The 'xilinx.com:ip:clk_wiz:6.0' core does not support module reference.
INFO: [Vivado 12-5777] IP Instance 'clk_wiz_0' cannot be used in a module reference: The 'xilinx.com:ip:clk_wiz:6.0' core does not support module reference.
INFO: [Vivado 12-5777] IP Instance 'clk_wiz_0' cannot be used in a module reference: The 'xilinx.com:ip:clk_wiz:6.0' core does not support module reference.
INFO: [Vivado 12-5777] IP Instance 'clk_wiz_0' cannot be used in a module reference: The 'xilinx.com:ip:clk_wiz:6.0' core does not support module reference.
INFO: [Vivado 12-5777] IP Instance 'clk_wiz_0' cannot be used in a module reference: The 'xilinx.com:ip:clk_wiz:6.0' core does not support module reference.
INFO: [Vivado 12-5777] IP Instance 'clk_wiz_0' cannot be used in a module reference: The 'xilinx.com:ip:clk_wiz:6.0' core does not support module reference.
INFO: [Vivado 12-5777] IP Instance 'clk_wiz_0' cannot be used in a module reference: The 'xilinx.com:ip:clk_wiz:6.0' core does not support module reference.
INFO: [Vivado 12-5777] IP Instance 'clk_wiz_0' cannot be used in a module reference: The 'xilinx.com:ip:clk_wiz:6.0' core does not support module reference.
INFO: [Vivado 12-5777] IP Instance 'clk_wiz_0' cannot be used in a module reference: The 'xilinx.com:ip:clk_wiz:6.0' core does not support module reference.
INFO: [Vivado 12-5777] IP Instance 'clk_wiz_0' cannot be used in a module reference: The 'xilinx.com:ip:clk_wiz:6.0' core does not support module reference.
INFO: [Vivado 12-5777] IP Instance 'clk_wiz_0' cannot be used in a module reference: The 'xilinx.com:ip:clk_wiz:6.0' core does not support module reference.
INFO: [Vivado 12-5777] IP Instance 'clk_wiz_0' cannot be used in a module reference: The 'xilinx.com:ip:clk_wiz:6.0' core does not support module reference.
INFO: [Vivado 12-5777] IP Instance 'clk_wiz_0' cannot be used in a module reference: The 'xilinx.com:ip:clk_wiz:6.0' core does not support module reference.
INFO: [Vivado 12-5777] IP Instance 'clk_wiz_0' cannot be used in a module reference: The 'xilinx.com:ip:clk_wiz:6.0' core does not support module reference.
INFO: [Vivado 12-5777] IP Instance 'clk_wiz_0' cannot be used in a module reference: The 'xilinx.com:ip:clk_wiz:6.0' core does not support module reference.
INFO: [Vivado 12-5777] IP Instance 'clk_wiz_0' cannot be used in a module reference: The 'xilinx.com:ip:clk_wiz:6.0' core does not support module reference.
INFO: [Vivado 12-5777] IP Instance 'clk_wiz_0' cannot be used in a module reference: The 'xilinx.com:ip:clk_wiz:6.0' core does not support module reference.
INFO: [Vivado 12-5777] IP Instance 'clk_wiz_0' cannot be used in a module reference: The 'xilinx.com:ip:clk_wiz:6.0' core does not support module reference.
INFO: [Vivado 12-5777] IP Instance 'clk_wiz_0' cannot be used in a module reference: The 'xilinx.com:ip:clk_wiz:6.0' core does not support module reference.
INFO: [Vivado 12-5777] IP Instance 'clk_wiz_0' cannot be used in a module reference: The 'xilinx.com:ip:clk_wiz:6.0' core does not support module reference.
INFO: [Vivado 12-5777] IP Instance 'clk_wiz_0' cannot be used in a module reference: The 'xilinx.com:ip:clk_wiz:6.0' core does not support module reference.
INFO: [Vivado 12-5777] IP Instance 'clk_wiz_0' cannot be used in a module reference: The 'xilinx.com:ip:clk_wiz:6.0' core does not support module reference.
INFO: [Vivado 12-5777] IP Instance 'clk_wiz_0' cannot be used in a module reference: The 'xilinx.com:ip:clk_wiz:6.0' core does not support module reference.
INFO: [Vivado 12-5777] IP Instance 'clk_wiz_0' cannot be used in a module reference: The 'xilinx.com:ip:clk_wiz:6.0' core does not support module reference.
INFO: [Vivado 12-5777] IP Instance 'clk_wiz_0' cannot be used in a module reference: The 'xilinx.com:ip:clk_wiz:6.0' core does not support module reference.
INFO: [Vivado 12-5777] IP Instance 'clk_wiz_0' cannot be used in a module reference: The 'xilinx.com:ip:clk_wiz:6.0' core does not support module reference.
INFO: [Vivado 12-5777] IP Instance 'clk_wiz_0' cannot be used in a module reference: The 'xilinx.com:ip:clk_wiz:6.0' core does not support module reference.
INFO: [Vivado 12-5777] IP Instance 'clk_wiz_0' cannot be used in a module reference: The 'xilinx.com:ip:clk_wiz:6.0' core does not support module reference.
INFO: [Vivado 12-5777] IP Instance 'clk_wiz_0' cannot be used in a module reference: The 'xilinx.com:ip:clk_wiz:6.0' core does not support module reference.
INFO: [Vivado 12-5777] IP Instance 'clk_wiz_0' cannot be used in a module reference: The 'xilinx.com:ip:clk_wiz:6.0' core does not support module reference.
INFO: [Vivado 12-5777] IP Instance 'clk_wiz_0' cannot be used in a module reference: The 'xilinx.com:ip:clk_wiz:6.0' core does not support module reference.
INFO: [Vivado 12-5777] IP Instance 'clk_wiz_0' cannot be used in a module reference: The 'xilinx.com:ip:clk_wiz:6.0' core does not support module reference.
INFO: [Vivado 12-5777] IP Instance 'clk_wiz_0' cannot be used in a module reference: The 'xilinx.com:ip:clk_wiz:6.0' core does not support module reference.
INFO: [Vivado 12-5777] IP Instance 'clk_wiz_0' cannot be used in a module reference: The 'xilinx.com:ip:clk_wiz:6.0' core does not support module reference.
INFO: [Vivado 12-5777] IP Instance 'clk_wiz_0' cannot be used in a module reference: The 'xilinx.com:ip:clk_wiz:6.0' core does not support module reference.
INFO: [Vivado 12-5777] IP Instance 'clk_wiz_0' cannot be used in a module reference: The 'xilinx.com:ip:clk_wiz:6.0' core does not support module reference.
INFO: [Vivado 12-5777] IP Instance 'clk_wiz_0' cannot be used in a module reference: The 'xilinx.com:ip:clk_wiz:6.0' core does not support module reference.
INFO: [Vivado 12-5777] IP Instance 'clk_wiz_0' cannot be used in a module reference: The 'xilinx.com:ip:clk_wiz:6.0' core does not support module reference.
INFO: [Vivado 12-5777] IP Instance 'clk_wiz_0' cannot be used in a module reference: The 'xilinx.com:ip:clk_wiz:6.0' core does not support module reference.
INFO: [Vivado 12-5777] IP Instance 'clk_wiz_0' cannot be used in a module reference: The 'xilinx.com:ip:clk_wiz:6.0' core does not support module reference.
INFO: [Vivado 12-5777] IP Instance 'clk_wiz_0' cannot be used in a module reference: The 'xilinx.com:ip:clk_wiz:6.0' core does not support module reference.
INFO: [Vivado 12-5777] IP Instance 'clk_wiz_0' cannot be used in a module reference: The 'xilinx.com:ip:clk_wiz:6.0' core does not support module reference.
INFO: [Vivado 12-5777] IP Instance 'clk_wiz_0' cannot be used in a module reference: The 'xilinx.com:ip:clk_wiz:6.0' core does not support module reference.
INFO: [Vivado 12-5777] IP Instance 'clk_wiz_0' cannot be used in a module reference: The 'xilinx.com:ip:clk_wiz:6.0' core does not support module reference.
INFO: [Vivado 12-5777] IP Instance 'clk_wiz_0' cannot be used in a module reference: The 'xilinx.com:ip:clk_wiz:6.0' core does not support module reference.
INFO: [Vivado 12-5777] IP Instance 'clk_wiz_0' cannot be used in a module reference: The 'xilinx.com:ip:clk_wiz:6.0' core does not support module reference.
INFO: [Vivado 12-5777] IP Instance 'clk_wiz_0' cannot be used in a module reference: The 'xilinx.com:ip:clk_wiz:6.0' core does not support module reference.
INFO: [Vivado 12-5777] IP Instance 'clk_wiz_0' cannot be used in a module reference: The 'xilinx.com:ip:clk_wiz:6.0' core does not support module reference.
INFO: [Vivado 12-5777] IP Instance 'clk_wiz_0' cannot be used in a module reference: The 'xilinx.com:ip:clk_wiz:6.0' core does not support module reference.
INFO: [Vivado 12-5777] IP Instance 'clk_wiz_0' cannot be used in a module reference: The 'xilinx.com:ip:clk_wiz:6.0' core does not support module reference.
INFO: [Vivado 12-5777] IP Instance 'clk_wiz_0' cannot be used in a module reference: The 'xilinx.com:ip:clk_wiz:6.0' core does not support module reference.
INFO: [Vivado 12-5777] IP Instance 'clk_wiz_0' cannot be used in a module reference: The 'xilinx.com:ip:clk_wiz:6.0' core does not support module reference.
INFO: [Vivado 12-5777] IP Instance 'clk_wiz_0' cannot be used in a module reference: The 'xilinx.com:ip:clk_wiz:6.0' core does not support module reference.
INFO: [Vivado 12-5777] IP Instance 'clk_wiz_0' cannot be used in a module reference: The 'xilinx.com:ip:clk_wiz:6.0' core does not support module reference.
INFO: [Vivado 12-5777] IP Instance 'clk_wiz_0' cannot be used in a module reference: The 'xilinx.com:ip:clk_wiz:6.0' core does not support module reference.
INFO: [Vivado 12-5777] IP Instance 'clk_wiz_0' cannot be used in a module reference: The 'xilinx.com:ip:clk_wiz:6.0' core does not support module reference.
INFO: [Vivado 12-5777] IP Instance 'clk_wiz_0' cannot be used in a module reference: The 'xilinx.com:ip:clk_wiz:6.0' core does not support module reference.
INFO: [Vivado 12-5777] IP Instance 'clk_wiz_0' cannot be used in a module reference: The 'xilinx.com:ip:clk_wiz:6.0' core does not support module reference.
INFO: [Vivado 12-5777] IP Instance 'clk_wiz_0' cannot be used in a module reference: The 'xilinx.com:ip:clk_wiz:6.0' core does not support module reference.
INFO: [Vivado 12-5777] IP Instance 'clk_wiz_0' cannot be used in a module reference: The 'xilinx.com:ip:clk_wiz:6.0' core does not support module reference.
INFO: [Vivado 12-5777] IP Instance 'clk_wiz_0' cannot be used in a module reference: The 'xilinx.com:ip:clk_wiz:6.0' core does not support module reference.
INFO: [Vivado 12-5777] IP Instance 'clk_wiz_0' cannot be used in a module reference: The 'xilinx.com:ip:clk_wiz:6.0' core does not support module reference.
INFO: [Vivado 12-5777] IP Instance 'clk_wiz_0' cannot be used in a module reference: The 'xilinx.com:ip:clk_wiz:6.0' core does not support module reference.
INFO: [Vivado 12-5777] IP Instance 'clk_wiz_0' cannot be used in a module reference: The 'xilinx.com:ip:clk_wiz:6.0' core does not support module reference.
INFO: [Vivado 12-5777] IP Instance 'clk_wiz_0' cannot be used in a module reference: The 'xilinx.com:ip:clk_wiz:6.0' core does not support module reference.
INFO: [Vivado 12-5777] IP Instance 'clk_wiz_0' cannot be used in a module reference: The 'xilinx.com:ip:clk_wiz:6.0' core does not support module reference.
INFO: [Vivado 12-5777] IP Instance 'clk_wiz_0' cannot be used in a module reference: The 'xilinx.com:ip:clk_wiz:6.0' core does not support module reference.
INFO: [Vivado 12-5777] IP Instance 'clk_wiz_0' cannot be used in a module reference: The 'xilinx.com:ip:clk_wiz:6.0' core does not support module reference.
INFO: [Vivado 12-5777] IP Instance 'clk_wiz_0' cannot be used in a module reference: The 'xilinx.com:ip:clk_wiz:6.0' core does not support module reference.
INFO: [Vivado 12-5777] IP Instance 'clk_wiz_0' cannot be used in a module reference: The 'xilinx.com:ip:clk_wiz:6.0' core does not support module reference.
INFO: [Vivado 12-5777] IP Instance 'clk_wiz_0' cannot be used in a module reference: The 'xilinx.com:ip:clk_wiz:6.0' core does not support module reference.
INFO: [Vivado 12-5777] IP Instance 'clk_wiz_0' cannot be used in a module reference: The 'xilinx.com:ip:clk_wiz:6.0' core does not support module reference.
INFO: [Vivado 12-5777] IP Instance 'clk_wiz_0' cannot be used in a module reference: The 'xilinx.com:ip:clk_wiz:6.0' core does not support module reference.
INFO: [Vivado 12-5777] IP Instance 'clk_wiz_0' cannot be used in a module reference: The 'xilinx.com:ip:clk_wiz:6.0' core does not support module reference.
INFO: [Vivado 12-5777] IP Instance 'clk_wiz_0' cannot be used in a module reference: The 'xilinx.com:ip:clk_wiz:6.0' core does not support module reference.
INFO: [Vivado 12-5777] IP Instance 'clk_wiz_0' cannot be used in a module reference: The 'xilinx.com:ip:clk_wiz:6.0' core does not support module reference.
INFO: [Vivado 12-5777] IP Instance 'clk_wiz_0' cannot be used in a module reference: The 'xilinx.com:ip:clk_wiz:6.0' core does not support module reference.
INFO: [Vivado 12-5777] IP Instance 'clk_wiz_0' cannot be used in a module reference: The 'xilinx.com:ip:clk_wiz:6.0' core does not support module reference.
INFO: [Vivado 12-5777] IP Instance 'clk_wiz_0' cannot be used in a module reference: The 'xilinx.com:ip:clk_wiz:6.0' core does not support module reference.
INFO: [Vivado 12-5777] IP Instance 'clk_wiz_0' cannot be used in a module reference: The 'xilinx.com:ip:clk_wiz:6.0' core does not support module reference.
INFO: [Vivado 12-5777] IP Instance 'clk_wiz_0' cannot be used in a module reference: The 'xilinx.com:ip:clk_wiz:6.0' core does not support module reference.
INFO: [Vivado 12-5777] IP Instance 'clk_wiz_0' cannot be used in a module reference: The 'xilinx.com:ip:clk_wiz:6.0' core does not support module reference.
INFO: [Vivado 12-5777] IP Instance 'clk_wiz_0' cannot be used in a module reference: The 'xilinx.com:ip:clk_wiz:6.0' core does not support module reference.
INFO: [Common 17-14] Message 'Vivado 12-5777' appears 100 times and further instances of the messages will be disabled. Use the Tcl command set_msg_config to change the current settings.
import_files
INFO: [filemgmt 20-348] Importing the appropriate files for fileset: 'constrs_1'
INFO: [filemgmt 20-348] Importing the appropriate files for fileset: 'sources_1'
WARNING: [filemgmt 20-342] File / dir doesn't exist, skipping: F:/Documents/Countermeasures/CR/fpga/common/ip/clk_wiz_0/clk_wiz_0.xci
WARNING: [filemgmt 20-342] File / dir doesn't exist, skipping: F:/Documents/Countermeasures/CR/fpga/common/new/clk_randomizer.v
export_ip_user_files -of_objects  [get_files F:/Documents/Countermeasures/CR/fpga/common/ip/clk_wiz_0/clk_wiz_0.xci] -no_script -reset -force -quiet
remove_files  F:/Documents/Countermeasures/CR/fpga/common/ip/clk_wiz_0/clk_wiz_0.xci
update_compile_order -fileset sources_1
add_files {F:/Documents/Countermeasures/CR/fpga/vivado_examples/aes128_verilog/aes128_verilog.srcs/sources_1/new/board.v F:/Documents/Countermeasures/CR/fpga/vivado_examples/aes128_verilog/aes128_verilog.srcs/sources_1/imports/fpga/common/registers/registers.v F:/Documents/Countermeasures/CR/fpga/vivado_examples/aes128_verilog/aes128_verilog.srcs/sources_1/imports/fpga/cryptosrc/aes_googlevault/aes_ks.v F:/Documents/Countermeasures/CR/fpga/vivado_examples/aes128_verilog/aes128_verilog.srcs/sources_1/ip/clk_wiz_0/clk_wiz_0.xci F:/Documents/Countermeasures/CR/fpga/vivado_examples/aes128_verilog/aes128_verilog.srcs/sources_1/imports/fpga/cryptosrc/aes_googlevault/aes_core.v F:/Documents/Countermeasures/CR/fpga/vivado_examples/aes128_verilog/aes128_verilog.srcs/sources_1/imports/fpga/cryptosrc/aes_googlevault/aes_sbox.v F:/Documents/Countermeasures/CR/fpga/vivado_examples/aes128_verilog/aes128_verilog.srcs/sources_1/new/clk_randomizer.v F:/Documents/Countermeasures/CR/fpga/vivado_examples/aes128_verilog/aes128_verilog.srcs/sources_1/imports/fpga/common/cw305_top.v F:/Documents/Countermeasures/CR/fpga/vivado_examples/aes128_verilog/aes128_verilog.srcs/sources_1/imports/fpga/common/usb_module.v}
WARNING: [filemgmt 56-12] File 'F:/Documents/Countermeasures/CR/fpga/vivado_examples/aes128_verilog/aes128_verilog.srcs/sources_1/new/board.v' cannot be added to the project because it already exists in the project, skipping this file
WARNING: [filemgmt 56-12] File 'F:/Documents/Countermeasures/CR/fpga/vivado_examples/aes128_verilog/aes128_verilog.srcs/sources_1/imports/fpga/common/registers/registers.v' cannot be added to the project because it already exists in the project, skipping this file
WARNING: [filemgmt 56-12] File 'F:/Documents/Countermeasures/CR/fpga/vivado_examples/aes128_verilog/aes128_verilog.srcs/sources_1/imports/fpga/cryptosrc/aes_googlevault/aes_ks.v' cannot be added to the project because it already exists in the project, skipping this file
WARNING: [filemgmt 56-12] File 'F:/Documents/Countermeasures/CR/fpga/vivado_examples/aes128_verilog/aes128_verilog.srcs/sources_1/imports/fpga/cryptosrc/aes_googlevault/aes_core.v' cannot be added to the project because it already exists in the project, skipping this file
WARNING: [filemgmt 56-12] File 'F:/Documents/Countermeasures/CR/fpga/vivado_examples/aes128_verilog/aes128_verilog.srcs/sources_1/imports/fpga/cryptosrc/aes_googlevault/aes_sbox.v' cannot be added to the project because it already exists in the project, skipping this file
WARNING: [filemgmt 56-12] File 'F:/Documents/Countermeasures/CR/fpga/vivado_examples/aes128_verilog/aes128_verilog.srcs/sources_1/new/clk_randomizer.v' cannot be added to the project because it already exists in the project, skipping this file
WARNING: [filemgmt 56-12] File 'F:/Documents/Countermeasures/CR/fpga/vivado_examples/aes128_verilog/aes128_verilog.srcs/sources_1/imports/fpga/common/cw305_top.v' cannot be added to the project because it already exists in the project, skipping this file
WARNING: [filemgmt 56-12] File 'F:/Documents/Countermeasures/CR/fpga/vivado_examples/aes128_verilog/aes128_verilog.srcs/sources_1/imports/fpga/common/usb_module.v' cannot be added to the project because it already exists in the project, skipping this file
export_ip_user_files -of_objects  [get_files  F:/Documents/Countermeasures/CR/fpga/vivado_examples/aes128_verilog/aes128_verilog.srcs/sources_1/ip/clk_wiz_0/clk_wiz_0.xci] -lib_map_path [list {modelsim=F:/Documents/Countermeasures/CR/fpga/vivado_examples/aes128_verilog/aes128_verilog.cache/compile_simlib/modelsim} {questa=F:/Documents/Countermeasures/CR/fpga/vivado_examples/aes128_verilog/aes128_verilog.cache/compile_simlib/questa} {riviera=F:/Documents/Countermeasures/CR/fpga/vivado_examples/aes128_verilog/aes128_verilog.cache/compile_simlib/riviera} {activehdl=F:/Documents/Countermeasures/CR/fpga/vivado_examples/aes128_verilog/aes128_verilog.cache/compile_simlib/activehdl}] -force -quiet
update_compile_order -fileset sources_1
reset_run synth_100t
launch_runs synth_100t -jobs 4
INFO: [Vivado 12-4149] The synthesis checkpoint for IP 'F:/Documents/Countermeasures/CR/fpga/vivado_examples/aes128_verilog/aes128_verilog.srcs/sources_1/ip/clk_wiz_0/clk_wiz_0.xci' is already up-to-date
[Tue Jun 19 22:34:40 2018] Launched synth_100t...
Run output will be captured here: F:/Documents/Countermeasures/CR/fpga/vivado_examples/aes128_verilog/aes128_verilog.runs/synth_100t/runme.log
launch_runs impl_35t -to_step write_bitstream -jobs 4
INFO: [Vivado 12-4149] The synthesis checkpoint for IP 'F:/Documents/Countermeasures/CR/fpga/vivado_examples/aes128_verilog/aes128_verilog.srcs/sources_1/ip/clk_wiz_0/clk_wiz_0.xci' is already up-to-date
[Tue Jun 19 22:44:34 2018] Launched synth_35t...
Run output will be captured here: F:/Documents/Countermeasures/CR/fpga/vivado_examples/aes128_verilog/aes128_verilog.runs/synth_35t/runme.log
[Tue Jun 19 22:44:34 2018] Launched impl_35t...
Run output will be captured here: F:/Documents/Countermeasures/CR/fpga/vivado_examples/aes128_verilog/aes128_verilog.runs/impl_35t/runme.log
reset_run synth_35t
launch_runs impl_100t -to_step write_bitstream -jobs 4
INFO: [Vivado 12-4149] The synthesis checkpoint for IP 'F:/Documents/Countermeasures/CR/fpga/vivado_examples/aes128_verilog/aes128_verilog.srcs/sources_1/ip/clk_wiz_0/clk_wiz_0.xci' is already up-to-date
[Tue Jun 19 22:45:54 2018] Launched impl_100t...
Run output will be captured here: F:/Documents/Countermeasures/CR/fpga/vivado_examples/aes128_verilog/aes128_verilog.runs/impl_100t/runme.log
