Copyright 1986-2018 Xilinx, Inc. All Rights Reserved.
---------------------------------------------------------------------------------------
| Tool Version : Vivado v.2018.2 (win64) Build 2258646 Thu Jun 14 20:03:12 MDT 2018
| Date         : Wed Jun 20 16:16:47 2018
| Host         : DPA310 running 64-bit Service Pack 1  (build 7601)
| Command      : report_clock_utilization -file cw305_top_clock_utilization_routed.rpt
| Design       : cw305_top
| Device       : 7a100t-ftg256
| Speed File   : -2  PRODUCTION 1.22 2018-03-21
---------------------------------------------------------------------------------------

Clock Utilization Report

Table of Contents
-----------------
1. Clock Primitive Utilization
2. Global Clock Resources
3. Global Clock Source Details
4. Clock Regions: Key Resource Utilization
5. Clock Regions : Global Clock Summary
6. Device Cell Placement Summary for Global Clock g0
7. Device Cell Placement Summary for Global Clock g1
8. Device Cell Placement Summary for Global Clock g2
9. Device Cell Placement Summary for Global Clock g3
10. Device Cell Placement Summary for Global Clock g4
11. Device Cell Placement Summary for Global Clock g5
12. Device Cell Placement Summary for Global Clock g6
13. Device Cell Placement Summary for Global Clock g7
14. Device Cell Placement Summary for Global Clock g8
15. Device Cell Placement Summary for Global Clock g9
16. Device Cell Placement Summary for Global Clock g10
17. Device Cell Placement Summary for Global Clock g11
18. Device Cell Placement Summary for Global Clock g12
19. Clock Region Cell Placement per Global Clock: Region X0Y1
20. Clock Region Cell Placement per Global Clock: Region X1Y1
21. Clock Region Cell Placement per Global Clock: Region X0Y2
22. Clock Region Cell Placement per Global Clock: Region X1Y2

1. Clock Primitive Utilization
------------------------------

+----------+------+-----------+-----+--------------+--------+
| Type     | Used | Available | LOC | Clock Region | Pblock |
+----------+------+-----------+-----+--------------+--------+
| BUFGCTRL |   11 |        32 |   0 |            0 |      0 |
| BUFH     |    2 |        96 |   0 |            0 |      0 |
| BUFIO    |    0 |        24 |   0 |            0 |      0 |
| BUFMR    |    0 |        12 |   0 |            0 |      0 |
| BUFR     |    0 |        24 |   0 |            0 |      0 |
| MMCM     |    1 |         6 |   0 |            0 |      0 |
| PLL      |    0 |         6 |   0 |            0 |      0 |
+----------+------+-----------+-----+--------------+--------+


2. Global Clock Resources
-------------------------

+-----------+-----------+-----------------+------------+----------------+--------------+-------------------+-------------+-----------------+--------------+--------------------+----------------------------------------------+-------------------------------------------------------+
| Global Id | Source Id | Driver Type/Pin | Constraint | Site           | Clock Region | Load Clock Region | Clock Loads | Non-Clock Loads | Clock Period | Clock              | Driver Pin                                   | Net                                                   |
+-----------+-----------+-----------------+------------+----------------+--------------+-------------------+-------------+-----------------+--------------+--------------------+----------------------------------------------+-------------------------------------------------------+
| g0        | src0      | BUFGCTRL/O      | None       | BUFGCTRL_X0Y7  | n/a          |                 4 |         553 |               0 |       10.000 | Multiple           | reg_inst/clk_rand/MUX_2/O                    | reg_inst/clk_rand/start_int2_reg                      |
| g1        | src1      | BUFG/O          | None       | BUFGCTRL_X0Y30 | n/a          |                 2 |         263 |               0 |              |                    | usb_wrn_IBUF_BUFG_inst/O                     | usb_wrn_IBUF_BUFG                                     |
| g2        | src2      | BUFG/O          | None       | BUFGCTRL_X0Y29 | n/a          |                 2 |          28 |               0 |       10.000 | usb_clk            | my_usb/clkbuf/O                              | my_usb/usb_clk_buf                                    |
| g3        | src3      | BUFGCTRL/O      | None       | BUFGCTRL_X0Y0  | n/a          |                 3 |          21 |               0 |       10.000 | Multiple           | reg_inst/CCLK_MUX/O                          | reg_inst/cryptoclk                                    |
| g4        | src4      | BUFG/O          | None       | BUFGCTRL_X0Y31 | n/a          |                 1 |           8 |               0 |              |                    | usb_rdn_IBUF_BUFG_inst/O                     | usb_rdn_IBUF_BUFG                                     |
| g5        | src5      | BUFH/O          | None       | BUFHCE_X0Y12   | X0Y1         |                 1 |           1 |               0 |       10.000 | Multiple           | reg_inst/clk_rand/BUFH_0/O                   | reg_inst/clk_rand/bufhout_0                           |
| g6        | src6      | BUFH/O          | None       | BUFHCE_X0Y23   | X0Y1         |                 1 |           1 |               0 |       10.000 | Multiple           | reg_inst/clk_rand/BUFH_1/O                   | reg_inst/clk_rand/bufhout_1                           |
| g7        | src7      | BUFG/O          | None       | BUFGCTRL_X0Y3  | n/a          |                 1 |           1 |               0 |       10.000 | clk_180_clk_wiz_0  | reg_inst/clk_rand/clk_wiz/inst/clkout2_buf/O | reg_inst/clk_rand/clk_wiz/inst/clk_180                |
| g8        | src7      | BUFG/O          | None       | BUFGCTRL_X0Y5  | n/a          |                 1 |           1 |               0 |       10.000 | clk_270_clk_wiz_0  | reg_inst/clk_rand/clk_wiz/inst/clkout3_buf/O | reg_inst/clk_rand/clk_wiz/inst/clk_270                |
| g9        | src7      | BUFG/O          | None       | BUFGCTRL_X0Y2  | n/a          |                 1 |           1 |               0 |       10.000 | clk_90_clk_wiz_0   | reg_inst/clk_rand/clk_wiz/inst/clkout1_buf/O | reg_inst/clk_rand/clk_wiz/inst/clk_90                 |
| g10       | src7      | BUFG/O          | None       | BUFGCTRL_X0Y6  | n/a          |                 1 |           1 |               0 |       10.000 | clkfbout_clk_wiz_0 | reg_inst/clk_rand/clk_wiz/inst/clkf_buf/O    | reg_inst/clk_rand/clk_wiz/inst/clkfbout_buf_clk_wiz_0 |
| g11       | src8      | BUFGCTRL/O      | None       | BUFGCTRL_X0Y1  | n/a          |                 1 |           1 |               0 |       10.000 | Multiple           | reg_inst/clk_rand/MUX_0/O                    | reg_inst/clk_rand/mout_0                              |
| g12       | src9      | BUFGCTRL/O      | None       | BUFGCTRL_X0Y4  | n/a          |                 1 |           1 |               0 |       10.000 | Multiple           | reg_inst/clk_rand/MUX_1/O                    | reg_inst/clk_rand/mout_1                              |
+-----------+-----------+-----------------+------------+----------------+--------------+-------------------+-------------+-----------------+--------------+--------------------+----------------------------------------------+-------------------------------------------------------+
* Clock Loads column represents the clock pin loads (pin count)
** Non-Clock Loads column represents the non-clock pin loads (pin count)


3. Global Clock Source Details
------------------------------

+-----------+-----------+---------------------+------------+-----------------+--------------+-------------+-----------------+---------------------+--------------------+-------------------------------------------------------+---------------------------------------------------+
| Source Id | Global Id | Driver Type/Pin     | Constraint | Site            | Clock Region | Clock Loads | Non-Clock Loads | Source Clock Period | Source Clock       | Driver Pin                                            | Net                                               |
+-----------+-----------+---------------------+------------+-----------------+--------------+-------------+-----------------+---------------------+--------------------+-------------------------------------------------------+---------------------------------------------------+
| src0      | g0        | BUFH/O              | None       | BUFHCE_X0Y12    | X0Y1         |           1 |               0 |              10.000 | Multiple           | reg_inst/clk_rand/BUFH_0/O                            | reg_inst/clk_rand/bufhout_0                       |
| src1      | g1        | IBUF/O              | IOB_X1Y135 | IOB_X1Y135      | X1Y2         |           1 |               0 |                     |                    | usb_wrn_IBUF_inst/O                                   | usb_wrn_IBUF                                      |
| src2      | g2        | IBUF/O              | IOB_X1Y124 | IOB_X1Y124      | X1Y2         |           1 |               0 |              10.000 | usb_clk            | my_usb/clkibuf/O                                      | my_usb/clk_bufg                                   |
| src3      | g3        | IBUF/O              | IOB_X0Y78  | IOB_X0Y78       | X0Y1         |           1 |               0 |              10.000 | pll_clk1           | pll_clk1_IBUF_inst/O                                  | pll_clk1_IBUF                                     |
| src4      | g4        | IBUF/O              | IOB_X1Y143 | IOB_X1Y143      | X1Y2         |           1 |               2 |                     |                    | usb_rdn_IBUF_inst/O                                   | usb_rdn_IBUF                                      |
| src5      | g5        | BUFGCTRL/O          | None       | BUFGCTRL_X0Y1   | n/a          |           1 |               0 |              10.000 | Multiple           | reg_inst/clk_rand/MUX_0/O                             | reg_inst/clk_rand/mout_0                          |
| src6      | g6        | BUFGCTRL/O          | None       | BUFGCTRL_X0Y4   | n/a          |           1 |               0 |              10.000 | Multiple           | reg_inst/clk_rand/MUX_1/O                             | reg_inst/clk_rand/mout_1                          |
| src7      | g7        | MMCME2_ADV/CLKOUT1  | None       | MMCME2_ADV_X1Y1 | X1Y1         |           1 |               0 |              10.000 | clk_180_clk_wiz_0  | reg_inst/clk_rand/clk_wiz/inst/mmcm_adv_inst/CLKOUT1  | reg_inst/clk_rand/clk_wiz/inst/clk_180_clk_wiz_0  |
| src7      | g8        | MMCME2_ADV/CLKOUT2  | None       | MMCME2_ADV_X1Y1 | X1Y1         |           1 |               0 |              10.000 | clk_270_clk_wiz_0  | reg_inst/clk_rand/clk_wiz/inst/mmcm_adv_inst/CLKOUT2  | reg_inst/clk_rand/clk_wiz/inst/clk_270_clk_wiz_0  |
| src7      | g9        | MMCME2_ADV/CLKOUT0  | None       | MMCME2_ADV_X1Y1 | X1Y1         |           1 |               0 |              10.000 | clk_90_clk_wiz_0   | reg_inst/clk_rand/clk_wiz/inst/mmcm_adv_inst/CLKOUT0  | reg_inst/clk_rand/clk_wiz/inst/clk_90_clk_wiz_0   |
| src7      | g10       | MMCME2_ADV/CLKFBOUT | None       | MMCME2_ADV_X1Y1 | X1Y1         |           1 |               0 |              10.000 | clkfbout_clk_wiz_0 | reg_inst/clk_rand/clk_wiz/inst/mmcm_adv_inst/CLKFBOUT | reg_inst/clk_rand/clk_wiz/inst/clkfbout_clk_wiz_0 |
| src8      | g11       | BUFGCTRL/O          | None       | BUFGCTRL_X0Y0   | n/a          |          21 |               0 |              10.000 | Multiple           | reg_inst/CCLK_MUX/O                                   | reg_inst/cryptoclk                                |
| src9      | g12       | BUFG/O              | None       | BUFGCTRL_X0Y3   | n/a          |           1 |               0 |              10.000 | clk_180_clk_wiz_0  | reg_inst/clk_rand/clk_wiz/inst/clkout2_buf/O          | reg_inst/clk_rand/clk_wiz/inst/clk_180            |
+-----------+-----------+---------------------+------------+-----------------+--------------+-------------+-----------------+---------------------+--------------------+-------------------------------------------------------+---------------------------------------------------+
* Clock Loads column represents the clock pin loads (pin count)
** Non-Clock Loads column represents the non-clock pin loads (pin count)


4. Clock Regions: Key Resource Utilization
------------------------------------------

+-------------------+--------------+--------------+--------------+--------------+--------------+--------------+--------------+--------------+--------------+--------------+--------------+--------------+--------------+--------------+--------------+
|                   | Global Clock |     BUFRs    |    BUFMRs    |    BUFIOs    |     MMCM     |      PLL     |      GT      |      PCI     |    ILOGIC    |    OLOGIC    |      FF      |     LUTM     |    RAMB18    |    RAMB36    |    DSP48E2   |
+-------------------+------+-------+------+-------+------+-------+------+-------+------+-------+------+-------+------+-------+------+-------+------+-------+------+-------+------+-------+------+-------+------+-------+------+-------+------+-------+
| Clock Region Name | Used | Avail | Used | Avail | Used | Avail | Used | Avail | Used | Avail | Used | Avail | Used | Avail | Used | Avail | Used | Avail | Used | Avail | Used | Avail | Used | Avail | Used | Avail | Used | Avail | Used | Avail |
+-------------------+------+-------+------+-------+------+-------+------+-------+------+-------+------+-------+------+-------+------+-------+------+-------+------+-------+------+-------+------+-------+------+-------+------+-------+------+-------+
| X0Y0              |    0 |    12 |    0 |     4 |    0 |     2 |    0 |     4 |    0 |     1 |    0 |     1 |    0 |     0 |    0 |     0 |    0 |    50 |    0 |    50 |    0 |  2600 |    0 |   600 |    0 |    20 |    0 |    10 |    0 |    20 |
| X1Y0              |    0 |    12 |    0 |     0 |    0 |     0 |    0 |     0 |    0 |     0 |    0 |     0 |    0 |     4 |    0 |     0 |    0 |     0 |    0 |     0 |    0 |  1500 |    0 |   550 |    0 |    40 |    0 |    20 |    0 |    40 |
| X0Y1              |    4 |    12 |    0 |     4 |    0 |     2 |    0 |     4 |    0 |     1 |    0 |     1 |    0 |     0 |    0 |     0 |    0 |    50 |    1 |    50 |   11 |  2000 |    6 |   600 |    0 |    20 |    0 |    10 |    0 |    20 |
| X1Y1              |    5 |    12 |    0 |     4 |    0 |     2 |    0 |     4 |    1 |     1 |    0 |     1 |    0 |     0 |    0 |     0 |    0 |    50 |    0 |    50 |  109 |  1900 |   20 |   650 |    0 |    60 |    0 |    30 |    0 |    40 |
| X0Y2              |    1 |    12 |    0 |     4 |    0 |     2 |    0 |     4 |    0 |     1 |    0 |     1 |    0 |     0 |    0 |     0 |    0 |    50 |    0 |    50 |  124 |  2000 |   39 |   600 |    0 |    20 |    0 |    10 |    0 |    20 |
| X1Y2              |    4 |    12 |    0 |     4 |    0 |     2 |    0 |     4 |    0 |     1 |    0 |     1 |    0 |     0 |    0 |     0 |    0 |    50 |    0 |    50 |  626 |  1900 |  202 |   650 |    0 |    60 |    0 |    30 |    0 |    40 |
| X0Y3              |    0 |    12 |    0 |     4 |    0 |     2 |    0 |     4 |    0 |     1 |    0 |     1 |    0 |     0 |    0 |     0 |    0 |    50 |    0 |    50 |    0 |  2600 |    0 |   600 |    0 |    20 |    0 |    10 |    0 |    20 |
| X1Y3              |    0 |    12 |    0 |     0 |    0 |     0 |    0 |     0 |    0 |     0 |    0 |     0 |    0 |     4 |    0 |     1 |    0 |     0 |    0 |     0 |    0 |  1350 |    0 |   500 |    0 |    30 |    0 |    15 |    0 |    40 |
+-------------------+------+-------+------+-------+------+-------+------+-------+------+-------+------+-------+------+-------+------+-------+------+-------+------+-------+------+-------+------+-------+------+-------+------+-------+------+-------+
* Global Clock column represents track count; while other columns represents cell counts


5. Clock Regions : Global Clock Summary
---------------------------------------

All Modules
+----+----+----+
|    | X0 | X1 |
+----+----+----+
| Y3 |  0 |  0 |
| Y2 |  1 |  4 |
| Y1 |  4 |  5 |
| Y0 |  0 |  0 |
+----+----+----+


6. Device Cell Placement Summary for Global Clock g0
----------------------------------------------------

+-----------+-----------------+-------------------+----------+-------------+----------------+-------------+----------+----------------+----------+----------------------------------+
| Global Id | Driver Type/Pin | Driver Region (D) | Clock    | Period (ns) | Waveform (ns)  | Slice Loads | IO Loads | Clocking Loads | GT Loads | Net                              |
+-----------+-----------------+-------------------+----------+-------------+----------------+-------------+----------+----------------+----------+----------------------------------+
| g0        | BUFGCTRL/O      | n/a               | Multiple |      10.000 | {7.500 12.500} |         553 |        0 |              0 |        0 | reg_inst/clk_rand/start_int2_reg |
+-----------+-----------------+-------------------+----------+-------------+----------------+-------------+----------+----------------+----------+----------------------------------+
* Logic Loads column represents load cell count of all cell types other than IO, GT and clock resources
** IO Loads column represents load cell count of IO types
*** Clocking Loads column represents load cell count that are clock resources (global clock buffer, MMCM, PLL, etc)
**** GT Loads column represents load cell count of GT types


+----+------+------+
|    | X0   | X1   |
+----+------+------+
| Y3 |    0 |    0 |
| Y2 |  124 |  389 |
| Y1 |    1 |   39 |
| Y0 |    0 |    0 |
+----+------+------+


7. Device Cell Placement Summary for Global Clock g1
----------------------------------------------------

+-----------+-----------------+-------------------+-------+-------------+---------------+-------------+----------+----------------+----------+-------------------+
| Global Id | Driver Type/Pin | Driver Region (D) | Clock | Period (ns) | Waveform (ns) | Slice Loads | IO Loads | Clocking Loads | GT Loads | Net               |
+-----------+-----------------+-------------------+-------+-------------+---------------+-------------+----------+----------------+----------+-------------------+
| g1        | BUFG/O          | n/a               |       |             |               |         263 |        0 |              0 |        0 | usb_wrn_IBUF_BUFG |
+-----------+-----------------+-------------------+-------+-------------+---------------+-------------+----------+----------------+----------+-------------------+
* Logic Loads column represents load cell count of all cell types other than IO, GT and clock resources
** IO Loads column represents load cell count of IO types
*** Clocking Loads column represents load cell count that are clock resources (global clock buffer, MMCM, PLL, etc)
**** GT Loads column represents load cell count of GT types


+----+----+------+
|    | X0 | X1   |
+----+----+------+
| Y3 |  0 |    0 |
| Y2 |  0 |  226 |
| Y1 |  0 |   37 |
| Y0 |  0 |    0 |
+----+----+------+


8. Device Cell Placement Summary for Global Clock g2
----------------------------------------------------

+-----------+-----------------+-------------------+---------+-------------+---------------+-------------+----------+----------------+----------+--------------------+
| Global Id | Driver Type/Pin | Driver Region (D) | Clock   | Period (ns) | Waveform (ns) | Slice Loads | IO Loads | Clocking Loads | GT Loads | Net                |
+-----------+-----------------+-------------------+---------+-------------+---------------+-------------+----------+----------------+----------+--------------------+
| g2        | BUFG/O          | n/a               | usb_clk |      10.000 | {0.000 5.000} |          28 |        0 |              0 |        0 | my_usb/usb_clk_buf |
+-----------+-----------------+-------------------+---------+-------------+---------------+-------------+----------+----------------+----------+--------------------+
* Logic Loads column represents load cell count of all cell types other than IO, GT and clock resources
** IO Loads column represents load cell count of IO types
*** Clocking Loads column represents load cell count that are clock resources (global clock buffer, MMCM, PLL, etc)
**** GT Loads column represents load cell count of GT types


+----+----+-----+
|    | X0 | X1  |
+----+----+-----+
| Y3 |  0 |   0 |
| Y2 |  0 |   3 |
| Y1 |  0 |  25 |
| Y0 |  0 |   0 |
+----+----+-----+


9. Device Cell Placement Summary for Global Clock g3
----------------------------------------------------

+-----------+-----------------+-------------------+----------+-------------+---------------+-------------+----------+----------------+----------+--------------------+
| Global Id | Driver Type/Pin | Driver Region (D) | Clock    | Period (ns) | Waveform (ns) | Slice Loads | IO Loads | Clocking Loads | GT Loads | Net                |
+-----------+-----------------+-------------------+----------+-------------+---------------+-------------+----------+----------------+----------+--------------------+
| g3        | BUFGCTRL/O      | n/a               | Multiple |      10.000 | {0.000 5.000} |          19 |        0 |              2 |        0 | reg_inst/cryptoclk |
+-----------+-----------------+-------------------+----------+-------------+---------------+-------------+----------+----------------+----------+--------------------+
* Logic Loads column represents load cell count of all cell types other than IO, GT and clock resources
** IO Loads column represents load cell count of IO types
*** Clocking Loads column represents load cell count that are clock resources (global clock buffer, MMCM, PLL, etc)
**** GT Loads column represents load cell count of GT types


+----+-----+----+
|    | X0  | X1 |
+----+-----+----+
| Y3 |   0 |  0 |
| Y2 |   0 |  0 |
| Y1 |  11 |  9 |
| Y0 |   0 |  0 |
+----+-----+----+


10. Device Cell Placement Summary for Global Clock g4
-----------------------------------------------------

+-----------+-----------------+-------------------+-------+-------------+---------------+-------------+----------+----------------+----------+-------------------+
| Global Id | Driver Type/Pin | Driver Region (D) | Clock | Period (ns) | Waveform (ns) | Slice Loads | IO Loads | Clocking Loads | GT Loads | Net               |
+-----------+-----------------+-------------------+-------+-------------+---------------+-------------+----------+----------------+----------+-------------------+
| g4        | BUFG/O          | n/a               |       |             |               |           8 |        0 |              0 |        0 | usb_rdn_IBUF_BUFG |
+-----------+-----------------+-------------------+-------+-------------+---------------+-------------+----------+----------------+----------+-------------------+
* Logic Loads column represents load cell count of all cell types other than IO, GT and clock resources
** IO Loads column represents load cell count of IO types
*** Clocking Loads column represents load cell count that are clock resources (global clock buffer, MMCM, PLL, etc)
**** GT Loads column represents load cell count of GT types


+----+----+----+
|    | X0 | X1 |
+----+----+----+
| Y3 |  0 |  0 |
| Y2 |  0 |  8 |
| Y1 |  0 |  0 |
| Y0 |  0 |  0 |
+----+----+----+


11. Device Cell Placement Summary for Global Clock g5
-----------------------------------------------------

+-----------+-----------------+-------------------+----------+-------------+---------------+-------------+----------+----------------+----------+-----------------------------+
| Global Id | Driver Type/Pin | Driver Region (D) | Clock    | Period (ns) | Waveform (ns) | Slice Loads | IO Loads | Clocking Loads | GT Loads | Net                         |
+-----------+-----------------+-------------------+----------+-------------+---------------+-------------+----------+----------------+----------+-----------------------------+
| g5        | BUFH/O          | X0Y1              | Multiple |      10.000 | {2.500 7.500} |           0 |        0 |              1 |        0 | reg_inst/clk_rand/bufhout_0 |
+-----------+-----------------+-------------------+----------+-------------+---------------+-------------+----------+----------------+----------+-----------------------------+
* Logic Loads column represents load cell count of all cell types other than IO, GT and clock resources
** IO Loads column represents load cell count of IO types
*** Clocking Loads column represents load cell count that are clock resources (global clock buffer, MMCM, PLL, etc)
**** GT Loads column represents load cell count of GT types


+----+--------+----+
|    | X0     | X1 |
+----+--------+----+
| Y3 |      0 |  0 |
| Y2 |      0 |  0 |
| Y1 |  (D) 0 |  0 |
| Y0 |      0 |  0 |
+----+--------+----+


12. Device Cell Placement Summary for Global Clock g6
-----------------------------------------------------

+-----------+-----------------+-------------------+----------+-------------+----------------+-------------+----------+----------------+----------+-----------------------------+
| Global Id | Driver Type/Pin | Driver Region (D) | Clock    | Period (ns) | Waveform (ns)  | Slice Loads | IO Loads | Clocking Loads | GT Loads | Net                         |
+-----------+-----------------+-------------------+----------+-------------+----------------+-------------+----------+----------------+----------+-----------------------------+
| g6        | BUFH/O          | X0Y1              | Multiple |      10.000 | {7.500 12.500} |           0 |        0 |              1 |        0 | reg_inst/clk_rand/bufhout_1 |
+-----------+-----------------+-------------------+----------+-------------+----------------+-------------+----------+----------------+----------+-----------------------------+
* Logic Loads column represents load cell count of all cell types other than IO, GT and clock resources
** IO Loads column represents load cell count of IO types
*** Clocking Loads column represents load cell count that are clock resources (global clock buffer, MMCM, PLL, etc)
**** GT Loads column represents load cell count of GT types


+----+--------+----+
|    | X0     | X1 |
+----+--------+----+
| Y3 |      0 |  0 |
| Y2 |      0 |  0 |
| Y1 |  (D) 0 |  0 |
| Y0 |      0 |  0 |
+----+--------+----+


13. Device Cell Placement Summary for Global Clock g7
-----------------------------------------------------

+-----------+-----------------+-------------------+-------------------+-------------+----------------+-------------+----------+----------------+----------+----------------------------------------+
| Global Id | Driver Type/Pin | Driver Region (D) | Clock             | Period (ns) | Waveform (ns)  | Slice Loads | IO Loads | Clocking Loads | GT Loads | Net                                    |
+-----------+-----------------+-------------------+-------------------+-------------+----------------+-------------+----------+----------------+----------+----------------------------------------+
| g7        | BUFG/O          | n/a               | clk_180_clk_wiz_0 |      10.000 | {5.000 10.000} |           0 |        0 |              1 |        0 | reg_inst/clk_rand/clk_wiz/inst/clk_180 |
+-----------+-----------------+-------------------+-------------------+-------------+----------------+-------------+----------+----------------+----------+----------------------------------------+
* Logic Loads column represents load cell count of all cell types other than IO, GT and clock resources
** IO Loads column represents load cell count of IO types
*** Clocking Loads column represents load cell count that are clock resources (global clock buffer, MMCM, PLL, etc)
**** GT Loads column represents load cell count of GT types


+----+----+----+
|    | X0 | X1 |
+----+----+----+
| Y3 |  0 |  0 |
| Y2 |  0 |  0 |
| Y1 |  0 |  0 |
| Y0 |  0 |  0 |
+----+----+----+


14. Device Cell Placement Summary for Global Clock g8
-----------------------------------------------------

+-----------+-----------------+-------------------+-------------------+-------------+----------------+-------------+----------+----------------+----------+----------------------------------------+
| Global Id | Driver Type/Pin | Driver Region (D) | Clock             | Period (ns) | Waveform (ns)  | Slice Loads | IO Loads | Clocking Loads | GT Loads | Net                                    |
+-----------+-----------------+-------------------+-------------------+-------------+----------------+-------------+----------+----------------+----------+----------------------------------------+
| g8        | BUFG/O          | n/a               | clk_270_clk_wiz_0 |      10.000 | {7.500 12.500} |           0 |        0 |              1 |        0 | reg_inst/clk_rand/clk_wiz/inst/clk_270 |
+-----------+-----------------+-------------------+-------------------+-------------+----------------+-------------+----------+----------------+----------+----------------------------------------+
* Logic Loads column represents load cell count of all cell types other than IO, GT and clock resources
** IO Loads column represents load cell count of IO types
*** Clocking Loads column represents load cell count that are clock resources (global clock buffer, MMCM, PLL, etc)
**** GT Loads column represents load cell count of GT types


+----+----+----+
|    | X0 | X1 |
+----+----+----+
| Y3 |  0 |  0 |
| Y2 |  0 |  0 |
| Y1 |  0 |  0 |
| Y0 |  0 |  0 |
+----+----+----+


15. Device Cell Placement Summary for Global Clock g9
-----------------------------------------------------

+-----------+-----------------+-------------------+------------------+-------------+---------------+-------------+----------+----------------+----------+---------------------------------------+
| Global Id | Driver Type/Pin | Driver Region (D) | Clock            | Period (ns) | Waveform (ns) | Slice Loads | IO Loads | Clocking Loads | GT Loads | Net                                   |
+-----------+-----------------+-------------------+------------------+-------------+---------------+-------------+----------+----------------+----------+---------------------------------------+
| g9        | BUFG/O          | n/a               | clk_90_clk_wiz_0 |      10.000 | {2.500 7.500} |           0 |        0 |              1 |        0 | reg_inst/clk_rand/clk_wiz/inst/clk_90 |
+-----------+-----------------+-------------------+------------------+-------------+---------------+-------------+----------+----------------+----------+---------------------------------------+
* Logic Loads column represents load cell count of all cell types other than IO, GT and clock resources
** IO Loads column represents load cell count of IO types
*** Clocking Loads column represents load cell count that are clock resources (global clock buffer, MMCM, PLL, etc)
**** GT Loads column represents load cell count of GT types


+----+----+----+
|    | X0 | X1 |
+----+----+----+
| Y3 |  0 |  0 |
| Y2 |  0 |  0 |
| Y1 |  0 |  0 |
| Y0 |  0 |  0 |
+----+----+----+


16. Device Cell Placement Summary for Global Clock g10
------------------------------------------------------

+-----------+-----------------+-------------------+--------------------+-------------+---------------+-------------+----------+----------------+----------+-------------------------------------------------------+
| Global Id | Driver Type/Pin | Driver Region (D) | Clock              | Period (ns) | Waveform (ns) | Slice Loads | IO Loads | Clocking Loads | GT Loads | Net                                                   |
+-----------+-----------------+-------------------+--------------------+-------------+---------------+-------------+----------+----------------+----------+-------------------------------------------------------+
| g10       | BUFG/O          | n/a               | clkfbout_clk_wiz_0 |      10.000 | {0.000 5.000} |           0 |        0 |              1 |        0 | reg_inst/clk_rand/clk_wiz/inst/clkfbout_buf_clk_wiz_0 |
+-----------+-----------------+-------------------+--------------------+-------------+---------------+-------------+----------+----------------+----------+-------------------------------------------------------+
* Logic Loads column represents load cell count of all cell types other than IO, GT and clock resources
** IO Loads column represents load cell count of IO types
*** Clocking Loads column represents load cell count that are clock resources (global clock buffer, MMCM, PLL, etc)
**** GT Loads column represents load cell count of GT types


+----+----+----+
|    | X0 | X1 |
+----+----+----+
| Y3 |  0 |  0 |
| Y2 |  0 |  0 |
| Y1 |  0 |  1 |
| Y0 |  0 |  0 |
+----+----+----+


17. Device Cell Placement Summary for Global Clock g11
------------------------------------------------------

+-----------+-----------------+-------------------+----------+-------------+---------------+-------------+----------+----------------+----------+--------------------------+
| Global Id | Driver Type/Pin | Driver Region (D) | Clock    | Period (ns) | Waveform (ns) | Slice Loads | IO Loads | Clocking Loads | GT Loads | Net                      |
+-----------+-----------------+-------------------+----------+-------------+---------------+-------------+----------+----------------+----------+--------------------------+
| g11       | BUFGCTRL/O      | n/a               | Multiple |      10.000 | {2.500 7.500} |           0 |        0 |              1 |        0 | reg_inst/clk_rand/mout_0 |
+-----------+-----------------+-------------------+----------+-------------+---------------+-------------+----------+----------------+----------+--------------------------+
* Logic Loads column represents load cell count of all cell types other than IO, GT and clock resources
** IO Loads column represents load cell count of IO types
*** Clocking Loads column represents load cell count that are clock resources (global clock buffer, MMCM, PLL, etc)
**** GT Loads column represents load cell count of GT types


+----+----+----+
|    | X0 | X1 |
+----+----+----+
| Y3 |  0 |  0 |
| Y2 |  0 |  0 |
| Y1 |  1 |  0 |
| Y0 |  0 |  0 |
+----+----+----+


18. Device Cell Placement Summary for Global Clock g12
------------------------------------------------------

+-----------+-----------------+-------------------+----------+-------------+----------------+-------------+----------+----------------+----------+--------------------------+
| Global Id | Driver Type/Pin | Driver Region (D) | Clock    | Period (ns) | Waveform (ns)  | Slice Loads | IO Loads | Clocking Loads | GT Loads | Net                      |
+-----------+-----------------+-------------------+----------+-------------+----------------+-------------+----------+----------------+----------+--------------------------+
| g12       | BUFGCTRL/O      | n/a               | Multiple |      10.000 | {7.500 12.500} |           0 |        0 |              1 |        0 | reg_inst/clk_rand/mout_1 |
+-----------+-----------------+-------------------+----------+-------------+----------------+-------------+----------+----------------+----------+--------------------------+
* Logic Loads column represents load cell count of all cell types other than IO, GT and clock resources
** IO Loads column represents load cell count of IO types
*** Clocking Loads column represents load cell count that are clock resources (global clock buffer, MMCM, PLL, etc)
**** GT Loads column represents load cell count of GT types


+----+----+----+
|    | X0 | X1 |
+----+----+----+
| Y3 |  0 |  0 |
| Y2 |  0 |  0 |
| Y1 |  1 |  0 |
| Y0 |  0 |  0 |
+----+----+----+


19. Clock Region Cell Placement per Global Clock: Region X0Y1
-------------------------------------------------------------

+-----------+-------+-----------------+------------+-------------+-----------------+----+--------+------+-----+----+------+-----+---------+----------------------------------+
| Global Id | Track | Driver Type/Pin | Constraint | Clock Loads | Non-Clock Loads | FF | LUTRAM | RAMB | DSP | GT | MMCM | PLL | Hard IP | Net                              |
+-----------+-------+-----------------+------------+-------------+-----------------+----+--------+------+-----+----+------+-----+---------+----------------------------------+
| g0        | n/a   | BUFGCTRL/O      | None       |           1 |               0 |  0 |      0 |    0 |   0 |  0 |    0 |   0 |       0 | reg_inst/clk_rand/start_int2_reg |
| g3        | n/a   | BUFGCTRL/O      | None       |          11 |               0 | 11 |      0 |    0 |   0 |  0 |    0 |   0 |       0 | reg_inst/cryptoclk               |
| g11       | n/a   | BUFGCTRL/O      | None       |           1 |               0 |  0 |      0 |    0 |   0 |  0 |    0 |   0 |       0 | reg_inst/clk_rand/mout_0         |
| g12       | n/a   | BUFGCTRL/O      | None       |           1 |               0 |  0 |      0 |    0 |   0 |  0 |    0 |   0 |       0 | reg_inst/clk_rand/mout_1         |
+-----------+-------+-----------------+------------+-------------+-----------------+----+--------+------+-----+----+------+-----+---------+----------------------------------+
* Clock Loads column represents the clock pin loads (pin count)
** Non-Clock Loads column represents the non-clock pin loads (pin count)
*** Columns FF, LUTRAM, RAMB through 'Hard IP' represents load cell counts


20. Clock Region Cell Placement per Global Clock: Region X1Y1
-------------------------------------------------------------

+-----------+-------+-----------------+------------+-------------+-----------------+----+--------+------+-----+----+------+-----+---------+-------------------------------------------------------+
| Global Id | Track | Driver Type/Pin | Constraint | Clock Loads | Non-Clock Loads | FF | LUTRAM | RAMB | DSP | GT | MMCM | PLL | Hard IP | Net                                                   |
+-----------+-------+-----------------+------------+-------------+-----------------+----+--------+------+-----+----+------+-----+---------+-------------------------------------------------------+
| g0        | n/a   | BUFGCTRL/O      | None       |          39 |               0 | 39 |      0 |    0 |   0 |  0 |    0 |   0 |       0 | reg_inst/clk_rand/start_int2_reg                      |
| g1        | n/a   | BUFG/O          | None       |          37 |               0 | 37 |      0 |    0 |   0 |  0 |    0 |   0 |       0 | usb_wrn_IBUF_BUFG                                     |
| g2        | n/a   | BUFG/O          | None       |          25 |               0 | 25 |      0 |    0 |   0 |  0 |    0 |   0 |       0 | my_usb/usb_clk_buf                                    |
| g3        | n/a   | BUFGCTRL/O      | None       |           9 |               0 |  8 |      0 |    0 |   0 |  0 |    1 |   0 |       0 | reg_inst/cryptoclk                                    |
| g10       | n/a   | BUFG/O          | None       |           1 |               0 |  0 |      0 |    0 |   0 |  0 |    1 |   0 |       0 | reg_inst/clk_rand/clk_wiz/inst/clkfbout_buf_clk_wiz_0 |
+-----------+-------+-----------------+------------+-------------+-----------------+----+--------+------+-----+----+------+-----+---------+-------------------------------------------------------+
* Clock Loads column represents the clock pin loads (pin count)
** Non-Clock Loads column represents the non-clock pin loads (pin count)
*** Columns FF, LUTRAM, RAMB through 'Hard IP' represents load cell counts


21. Clock Region Cell Placement per Global Clock: Region X0Y2
-------------------------------------------------------------

+-----------+-------+-----------------+------------+-------------+-----------------+-----+--------+------+-----+----+------+-----+---------+----------------------------------+
| Global Id | Track | Driver Type/Pin | Constraint | Clock Loads | Non-Clock Loads | FF  | LUTRAM | RAMB | DSP | GT | MMCM | PLL | Hard IP | Net                              |
+-----------+-------+-----------------+------------+-------------+-----------------+-----+--------+------+-----+----+------+-----+---------+----------------------------------+
| g0        | n/a   | BUFGCTRL/O      | None       |         124 |               0 | 124 |      0 |    0 |   0 |  0 |    0 |   0 |       0 | reg_inst/clk_rand/start_int2_reg |
+-----------+-------+-----------------+------------+-------------+-----------------+-----+--------+------+-----+----+------+-----+---------+----------------------------------+
* Clock Loads column represents the clock pin loads (pin count)
** Non-Clock Loads column represents the non-clock pin loads (pin count)
*** Columns FF, LUTRAM, RAMB through 'Hard IP' represents load cell counts


22. Clock Region Cell Placement per Global Clock: Region X1Y2
-------------------------------------------------------------

+-----------+-------+-----------------+------------+-------------+-----------------+-----+--------+------+-----+----+------+-----+---------+----------------------------------+
| Global Id | Track | Driver Type/Pin | Constraint | Clock Loads | Non-Clock Loads | FF  | LUTRAM | RAMB | DSP | GT | MMCM | PLL | Hard IP | Net                              |
+-----------+-------+-----------------+------------+-------------+-----------------+-----+--------+------+-----+----+------+-----+---------+----------------------------------+
| g0        | n/a   | BUFGCTRL/O      | None       |         389 |               0 | 389 |      0 |    0 |   0 |  0 |    0 |   0 |       0 | reg_inst/clk_rand/start_int2_reg |
| g1        | n/a   | BUFG/O          | None       |         226 |               0 | 226 |      0 |    0 |   0 |  0 |    0 |   0 |       0 | usb_wrn_IBUF_BUFG                |
| g2        | n/a   | BUFG/O          | None       |           3 |               0 |   3 |      0 |    0 |   0 |  0 |    0 |   0 |       0 | my_usb/usb_clk_buf               |
| g4        | n/a   | BUFG/O          | None       |           8 |               0 |   8 |      0 |    0 |   0 |  0 |    0 |   0 |       0 | usb_rdn_IBUF_BUFG                |
+-----------+-------+-----------------+------------+-------------+-----------------+-----+--------+------+-----+----+------+-----+---------+----------------------------------+
* Clock Loads column represents the clock pin loads (pin count)
** Non-Clock Loads column represents the non-clock pin loads (pin count)
*** Columns FF, LUTRAM, RAMB through 'Hard IP' represents load cell counts



# Location of BUFG Primitives 
set_property LOC BUFGCTRL_X0Y30 [get_cells usb_wrn_IBUF_BUFG_inst]
set_property LOC BUFGCTRL_X0Y31 [get_cells usb_rdn_IBUF_BUFG_inst]
set_property LOC BUFGCTRL_X0Y0 [get_cells reg_inst/CCLK_MUX]
set_property LOC BUFGCTRL_X0Y7 [get_cells reg_inst/clk_rand/MUX_2]
set_property LOC BUFGCTRL_X0Y4 [get_cells reg_inst/clk_rand/MUX_1]
set_property LOC BUFGCTRL_X0Y1 [get_cells reg_inst/clk_rand/MUX_0]
set_property LOC BUFGCTRL_X0Y6 [get_cells reg_inst/clk_rand/clk_wiz/inst/clkf_buf]
set_property LOC BUFGCTRL_X0Y2 [get_cells reg_inst/clk_rand/clk_wiz/inst/clkout1_buf]
set_property LOC BUFGCTRL_X0Y5 [get_cells reg_inst/clk_rand/clk_wiz/inst/clkout3_buf]
set_property LOC BUFGCTRL_X0Y3 [get_cells reg_inst/clk_rand/clk_wiz/inst/clkout2_buf]
set_property LOC BUFGCTRL_X0Y29 [get_cells my_usb/clkbuf]

# Location of BUFH Primitives 
set_property LOC BUFHCE_X0Y23 [get_cells reg_inst/clk_rand/BUFH_1]
set_property LOC BUFHCE_X0Y12 [get_cells reg_inst/clk_rand/BUFH_0]

# Location of IO Primitives which is load of clock spine

# Location of clock ports
set_property LOC IOB_X0Y78 [get_ports pll_clk1]
set_property LOC IOB_X0Y76 [get_ports tio_clkin]
set_property LOC IOB_X1Y124 [get_ports usb_clk]
set_property LOC IOB_X1Y143 [get_ports usb_rdn]
set_property LOC IOB_X1Y135 [get_ports usb_wrn]

# Clock net "usb_wrn_IBUF_BUFG" driven by instance "usb_wrn_IBUF_BUFG_inst" located at site "BUFGCTRL_X0Y30"
#startgroup
create_pblock {CLKAG_usb_wrn_IBUF_BUFG}
add_cells_to_pblock [get_pblocks  {CLKAG_usb_wrn_IBUF_BUFG}] [get_cells -filter { PRIMITIVE_GROUP != I/O && IS_PRIMITIVE==1 && PRIMITIVE_LEVEL !=INTERNAL } -of_object [get_pins -filter {DIRECTION==IN} -of_objects [get_nets -hierarchical -filter {PARENT=="usb_wrn_IBUF_BUFG"}]]]
resize_pblock [get_pblocks {CLKAG_usb_wrn_IBUF_BUFG}] -add {CLOCKREGION_X1Y1:CLOCKREGION_X1Y1 CLOCKREGION_X1Y2:CLOCKREGION_X1Y2}
#endgroup

# Clock net "usb_rdn_IBUF_BUFG" driven by instance "usb_rdn_IBUF_BUFG_inst" located at site "BUFGCTRL_X0Y31"
#startgroup
create_pblock {CLKAG_usb_rdn_IBUF_BUFG}
add_cells_to_pblock [get_pblocks  {CLKAG_usb_rdn_IBUF_BUFG}] [get_cells -filter { PRIMITIVE_GROUP != I/O && IS_PRIMITIVE==1 && PRIMITIVE_LEVEL !=INTERNAL } -of_object [get_pins -filter {DIRECTION==IN} -of_objects [get_nets -hierarchical -filter {PARENT=="usb_rdn_IBUF_BUFG"}]]]
resize_pblock [get_pblocks {CLKAG_usb_rdn_IBUF_BUFG}] -add {CLOCKREGION_X1Y2:CLOCKREGION_X1Y2}
#endgroup

# Clock net "reg_inst/cryptoclk" driven by instance "reg_inst/CCLK_MUX" located at site "BUFGCTRL_X0Y0"
#startgroup
create_pblock {CLKAG_reg_inst/cryptoclk}
add_cells_to_pblock [get_pblocks  {CLKAG_reg_inst/cryptoclk}] [get_cells -filter { PRIMITIVE_GROUP != I/O && IS_PRIMITIVE==1 && PRIMITIVE_LEVEL !=INTERNAL && NAME!=reg_inst/clk_rand/clk_wiz/inst/mmcm_adv_inst && NAME!=reg_inst/clk_rand/MUX_0} -of_object [get_pins -filter {DIRECTION==IN} -of_objects [get_nets -hierarchical -filter {PARENT=="reg_inst/cryptoclk"}]]]
resize_pblock [get_pblocks {CLKAG_reg_inst/cryptoclk}] -add {CLOCKREGION_X0Y1:CLOCKREGION_X0Y1 CLOCKREGION_X1Y1:CLOCKREGION_X1Y1}
#endgroup

# Clock net "reg_inst/clk_rand/start_int2_reg" driven by instance "reg_inst/clk_rand/MUX_2" located at site "BUFGCTRL_X0Y7"
#startgroup
create_pblock {CLKAG_reg_inst/clk_rand/start_int2_reg}
add_cells_to_pblock [get_pblocks  {CLKAG_reg_inst/clk_rand/start_int2_reg}] [get_cells -filter { PRIMITIVE_GROUP != I/O && IS_PRIMITIVE==1 && PRIMITIVE_LEVEL !=INTERNAL } -of_object [get_pins -filter {DIRECTION==IN} -of_objects [get_nets -hierarchical -filter {PARENT=="reg_inst/clk_rand/start_int2_reg"}]]]
resize_pblock [get_pblocks {CLKAG_reg_inst/clk_rand/start_int2_reg}] -add {CLOCKREGION_X0Y1:CLOCKREGION_X0Y1 CLOCKREGION_X0Y2:CLOCKREGION_X0Y2 CLOCKREGION_X1Y1:CLOCKREGION_X1Y1 CLOCKREGION_X1Y2:CLOCKREGION_X1Y2}
#endgroup

# Clock net "my_usb/usb_clk_buf" driven by instance "my_usb/clkbuf" located at site "BUFGCTRL_X0Y29"
#startgroup
create_pblock {CLKAG_my_usb/usb_clk_buf}
add_cells_to_pblock [get_pblocks  {CLKAG_my_usb/usb_clk_buf}] [get_cells -filter { PRIMITIVE_GROUP != I/O && IS_PRIMITIVE==1 && PRIMITIVE_LEVEL !=INTERNAL } -of_object [get_pins -filter {DIRECTION==IN} -of_objects [get_nets -hierarchical -filter {PARENT=="my_usb/usb_clk_buf"}]]]
resize_pblock [get_pblocks {CLKAG_my_usb/usb_clk_buf}] -add {CLOCKREGION_X1Y1:CLOCKREGION_X1Y1 CLOCKREGION_X1Y2:CLOCKREGION_X1Y2}
#endgroup
